Started GET "/" for 127.0.0.1 at 2018-02-22 10:55:31 +0100
  
ActiveRecord::PendingMigrationError (

Migrations are pending. To resolve this issue, run:

        bin/rails db:migrate RAILS_ENV=development

):
  
activerecord (5.1.4) lib/active_record/migration.rb:576:in `check_pending!'
activerecord (5.1.4) lib/active_record/migration.rb:553:in `call'
actionpack (5.1.4) lib/action_dispatch/middleware/callbacks.rb:26:in `block in call'
activesupport (5.1.4) lib/active_support/callbacks.rb:97:in `run_callbacks'
actionpack (5.1.4) lib/action_dispatch/middleware/callbacks.rb:24:in `call'
actionpack (5.1.4) lib/action_dispatch/middleware/executor.rb:12:in `call'
actionpack (5.1.4) lib/action_dispatch/middleware/debug_exceptions.rb:59:in `call'
web-console (3.5.1) lib/web_console/middleware.rb:135:in `call_app'
web-console (3.5.1) lib/web_console/middleware.rb:28:in `block in call'
web-console (3.5.1) lib/web_console/middleware.rb:18:in `catch'
web-console (3.5.1) lib/web_console/middleware.rb:18:in `call'
actionpack (5.1.4) lib/action_dispatch/middleware/show_exceptions.rb:31:in `call'
railties (5.1.4) lib/rails/rack/logger.rb:36:in `call_app'
railties (5.1.4) lib/rails/rack/logger.rb:24:in `block in call'
activesupport (5.1.4) lib/active_support/tagged_logging.rb:69:in `block in tagged'
activesupport (5.1.4) lib/active_support/tagged_logging.rb:26:in `tagged'
activesupport (5.1.4) lib/active_support/tagged_logging.rb:69:in `tagged'
railties (5.1.4) lib/rails/rack/logger.rb:24:in `call'
sprockets-rails (3.2.1) lib/sprockets/rails/quiet_assets.rb:13:in `call'
actionpack (5.1.4) lib/action_dispatch/middleware/remote_ip.rb:79:in `call'
actionpack (5.1.4) lib/action_dispatch/middleware/request_id.rb:25:in `call'
rack (2.0.4) lib/rack/method_override.rb:22:in `call'
rack (2.0.4) lib/rack/runtime.rb:22:in `call'
activesupport (5.1.4) lib/active_support/cache/strategy/local_cache_middleware.rb:27:in `call'
actionpack (5.1.4) lib/action_dispatch/middleware/executor.rb:12:in `call'
actionpack (5.1.4) lib/action_dispatch/middleware/static.rb:125:in `call'
rack (2.0.4) lib/rack/sendfile.rb:111:in `call'
railties (5.1.4) lib/rails/engine.rb:522:in `call'
puma (3.9.1) lib/puma/configuration.rb:224:in `call'
puma (3.9.1) lib/puma/server.rb:602:in `handle_request'
puma (3.9.1) lib/puma/server.rb:435:in `process_client'
puma (3.9.1) lib/puma/server.rb:299:in `block in run'
puma (3.9.1) lib/puma/thread_pool.rb:120:in `block in spawn_thread'
  [1m[35m (0.1ms)[0m  [1m[34mSELECT sqlite_version(*)[0m
  [1m[35m (6.7ms)[0m  [1m[35mCREATE TABLE "schema_migrations" ("version" varchar NOT NULL PRIMARY KEY)[0m
  [1m[35m (4.3ms)[0m  [1m[35mCREATE TABLE "ar_internal_metadata" ("key" varchar NOT NULL PRIMARY KEY, "value" varchar, "created_at" datetime NOT NULL, "updated_at" datetime NOT NULL)[0m
  [1m[35m (0.1ms)[0m  [1m[34mSELECT "schema_migrations"."version" FROM "schema_migrations" ORDER BY "schema_migrations"."version" ASC[0m
Migrating to CreateSubscribers (20180221175910)
  [1m[35m (0.0ms)[0m  [1m[36mbegin transaction[0m
  [1m[35m (0.3ms)[0m  [1m[35mCREATE TABLE "subscribers" ("id" INTEGER PRIMARY KEY AUTOINCREMENT NOT NULL, "name" varchar, "email" varchar, "source" varchar, "created_at" datetime NOT NULL, "updated_at" datetime NOT NULL)[0m
  [1m[35mSQL (0.3ms)[0m  [1m[32mINSERT INTO "schema_migrations" ("version") VALUES (?)[0m  [["version", "20180221175910"]]
  [1m[35m (3.9ms)[0m  [1m[36mcommit transaction[0m
  [1m[36mActiveRecord::InternalMetadata Load (0.3ms)[0m  [1m[34mSELECT  "ar_internal_metadata".* FROM "ar_internal_metadata" WHERE "ar_internal_metadata"."key" = ? LIMIT ?[0m  [["key", "environment"], ["LIMIT", 1]]
  [1m[35m (0.1ms)[0m  [1m[36mbegin transaction[0m
  [1m[35mSQL (0.2ms)[0m  [1m[32mINSERT INTO "ar_internal_metadata" ("key", "value", "created_at", "updated_at") VALUES (?, ?, ?, ?)[0m  [["key", "environment"], ["value", "development"], ["created_at", "2018-02-22 09:55:40.066738"], ["updated_at", "2018-02-22 09:55:40.066738"]]
  [1m[35m (3.1ms)[0m  [1m[36mcommit transaction[0m
  [1m[35m (0.2ms)[0m  [1m[34mSELECT "schema_migrations"."version" FROM "schema_migrations" ORDER BY "schema_migrations"."version" ASC[0m
Started GET "/" for 127.0.0.1 at 2018-02-22 10:55:50 +0100
  [1m[35m (0.2ms)[0m  [1m[34mSELECT "schema_migrations"."version" FROM "schema_migrations" ORDER BY "schema_migrations"."version" ASC[0m
Processing by CreativesController#index as HTML
  Rendering creatives/index.html.erb within layouts/creative
  Rendered creatives/_navbar.html.erb (0.4ms)
  Rendered subscribers/_new-suscriber.html.erb (2.0ms)
  Rendered creatives/_header.html.erb (3.1ms)
  Rendered creatives/_bg_primary.html.erb (0.5ms)
  Rendered creatives/_services.html.erb (1362.6ms)
  Rendered subscribers/_new-suscriber.html.erb (0.4ms)
  Rendered creatives/_contact.html.erb (0.3ms)
  Rendered creatives/index.html.erb within layouts/creative (1375.0ms)
Completed 200 OK in 1477ms (Views: 1469.1ms | ActiveRecord: 0.0ms)


Started GET "/" for 127.0.0.1 at 2018-02-22 10:57:46 +0100
Processing by CreativesController#index as HTML
  Rendering creatives/index.html.erb within layouts/creative
  Rendered creatives/_navbar.html.erb (0.5ms)
  Rendered subscribers/_new-suscriber.html.erb (1.1ms)
  Rendered creatives/_header.html.erb (2.6ms)
  Rendered creatives/_bg_primary.html.erb (0.5ms)
  Rendered creatives/_services.html.erb (1.7ms)
  Rendered subscribers/_new-suscriber.html.erb (0.3ms)
  Rendered creatives/_contact.html.erb (0.2ms)
  Rendered creatives/index.html.erb within layouts/creative (10.7ms)
Completed 200 OK in 35ms (Views: 33.4ms | ActiveRecord: 0.0ms)


